c:\users\sheng\documents\unuk\y2\g52cpp\g52cpp\cw\cw\cpp_cw2016\cpp_cw2016\debug\courseworkbase.bsc
c:\dev\windepth\debug\courseworkbase.bsc
c:\users\sheng\documents\unuk\y2\g52cpp\g52cpp\cw\cw\cpp_cw2016\cpp_cw2016\debug\vc140.pdb
c:\users\sheng\documents\unuk\y2\g52cpp\g52cpp\cw\cw\cpp_cw2016\cpp_cw2016\debug\vc140.idb
c:\users\sheng\documents\unuk\y2\g52cpp\g52cpp\cw\cw\cpp_cw2016\cpp_cw2016\debug\airsupportitem.sbr
c:\users\sheng\documents\unuk\y2\g52cpp\g52cpp\cw\cw\cpp_cw2016\cpp_cw2016\debug\allyweapon.sbr
c:\users\sheng\documents\unuk\y2\g52cpp\g52cpp\cw\cw\cpp_cw2016\cpp_cw2016\debug\battleship.sbr
c:\users\sheng\documents\unuk\y2\g52cpp\g52cpp\cw\cw\cpp_cw2016\cpp_cw2016\debug\bomb.sbr
c:\users\sheng\documents\unuk\y2\g52cpp\g52cpp\cw\cw\cpp_cw2016\cpp_cw2016\debug\bomber.sbr
c:\users\sheng\documents\unuk\y2\g52cpp\g52cpp\cw\cw\cpp_cw2016\cpp_cw2016\debug\chain.sbr
c:\users\sheng\documents\unuk\y2\g52cpp\g52cpp\cw\cw\cpp_cw2016\cpp_cw2016\debug\demoamain.sbr
c:\users\sheng\documents\unuk\y2\g52cpp\g52cpp\cw\cw\cpp_cw2016\cpp_cw2016\debug\demobobject.sbr
c:\users\sheng\documents\unuk\y2\g52cpp\g52cpp\cw\cw\cpp_cw2016\cpp_cw2016\debug\depthcharge.sbr
c:\users\sheng\documents\unuk\y2\g52cpp\g52cpp\cw\cw\cpp_cw2016\cpp_cw2016\debug\explosion.sbr
c:\users\sheng\documents\unuk\y2\g52cpp\g52cpp\cw\cw\cpp_cw2016\cpp_cw2016\debug\gameobject.sbr
c:\users\sheng\documents\unuk\y2\g52cpp\g52cpp\cw\cw\cpp_cw2016\cpp_cw2016\debug\highscoresstate.sbr
c:\users\sheng\documents\unuk\y2\g52cpp\g52cpp\cw\cw\cpp_cw2016\cpp_cw2016\debug\initstate.sbr
c:\users\sheng\documents\unuk\y2\g52cpp\g52cpp\cw\cw\cpp_cw2016\cpp_cw2016\debug\item.sbr
c:\users\sheng\documents\unuk\y2\g52cpp\g52cpp\cw\cw\cpp_cw2016\cpp_cw2016\debug\lifeitem.sbr
c:\users\sheng\documents\unuk\y2\g52cpp\g52cpp\cw\cw\cpp_cw2016\cpp_cw2016\debug\losestate.sbr
c:\users\sheng\documents\unuk\y2\g52cpp\g52cpp\cw\cw\cpp_cw2016\cpp_cw2016\debug\menustate.sbr
c:\users\sheng\documents\unuk\y2\g52cpp\g52cpp\cw\cw\cpp_cw2016\cpp_cw2016\debug\mine.sbr
c:\users\sheng\documents\unuk\y2\g52cpp\g52cpp\cw\cw\cpp_cw2016\cpp_cw2016\debug\minelayersubmarine.sbr
c:\users\sheng\documents\unuk\y2\g52cpp\g52cpp\cw\cw\cpp_cw2016\cpp_cw2016\debug\missile.sbr
c:\users\sheng\documents\unuk\y2\g52cpp\g52cpp\cw\cw\cpp_cw2016\cpp_cw2016\debug\missile.obj
c:\users\sheng\documents\unuk\y2\g52cpp\g52cpp\cw\cw\cpp_cw2016\cpp_cw2016\debug\minelayersubmarine.obj
c:\users\sheng\documents\unuk\y2\g52cpp\g52cpp\cw\cw\cpp_cw2016\cpp_cw2016\debug\mine.obj
c:\users\sheng\documents\unuk\y2\g52cpp\g52cpp\cw\cw\cpp_cw2016\cpp_cw2016\debug\menustate.obj
c:\users\sheng\documents\unuk\y2\g52cpp\g52cpp\cw\cw\cpp_cw2016\cpp_cw2016\debug\losestate.obj
c:\users\sheng\documents\unuk\y2\g52cpp\g52cpp\cw\cw\cpp_cw2016\cpp_cw2016\debug\lifeitem.obj
c:\users\sheng\documents\unuk\y2\g52cpp\g52cpp\cw\cw\cpp_cw2016\cpp_cw2016\debug\item.obj
c:\users\sheng\documents\unuk\y2\g52cpp\g52cpp\cw\cw\cpp_cw2016\cpp_cw2016\debug\initstate.obj
c:\users\sheng\documents\unuk\y2\g52cpp\g52cpp\cw\cw\cpp_cw2016\cpp_cw2016\debug\highscoresstate.obj
c:\users\sheng\documents\unuk\y2\g52cpp\g52cpp\cw\cw\cpp_cw2016\cpp_cw2016\debug\gameobject.obj
c:\users\sheng\documents\unuk\y2\g52cpp\g52cpp\cw\cw\cpp_cw2016\cpp_cw2016\debug\explosion.obj
c:\users\sheng\documents\unuk\y2\g52cpp\g52cpp\cw\cw\cpp_cw2016\cpp_cw2016\debug\depthcharge.obj
c:\users\sheng\documents\unuk\y2\g52cpp\g52cpp\cw\cw\cpp_cw2016\cpp_cw2016\debug\demobobject.obj
c:\users\sheng\documents\unuk\y2\g52cpp\g52cpp\cw\cw\cpp_cw2016\cpp_cw2016\debug\demoamain.obj
c:\users\sheng\documents\unuk\y2\g52cpp\g52cpp\cw\cw\cpp_cw2016\cpp_cw2016\debug\chain.obj
c:\users\sheng\documents\unuk\y2\g52cpp\g52cpp\cw\cw\cpp_cw2016\cpp_cw2016\debug\bomber.obj
c:\users\sheng\documents\unuk\y2\g52cpp\g52cpp\cw\cw\cpp_cw2016\cpp_cw2016\debug\bomb.obj
c:\users\sheng\documents\unuk\y2\g52cpp\g52cpp\cw\cw\cpp_cw2016\cpp_cw2016\debug\battleship.obj
c:\users\sheng\documents\unuk\y2\g52cpp\g52cpp\cw\cw\cpp_cw2016\cpp_cw2016\debug\allyweapon.obj
c:\users\sheng\documents\unuk\y2\g52cpp\g52cpp\cw\cw\cpp_cw2016\cpp_cw2016\debug\airsupportitem.obj
c:\users\sheng\documents\unuk\y2\g52cpp\g52cpp\cw\cw\cpp_cw2016\cpp_cw2016\debug\missilesubmarine.sbr
c:\users\sheng\documents\unuk\y2\g52cpp\g52cpp\cw\cw\cpp_cw2016\cpp_cw2016\debug\pausestate.sbr
c:\users\sheng\documents\unuk\y2\g52cpp\g52cpp\cw\cw\cpp_cw2016\cpp_cw2016\debug\playstate.sbr
c:\users\sheng\documents\unuk\y2\g52cpp\g52cpp\cw\cw\cpp_cw2016\cpp_cw2016\debug\psysl5engine.sbr
c:\users\sheng\documents\unuk\y2\g52cpp\g52cpp\cw\cw\cpp_cw2016\cpp_cw2016\debug\mainfunction.sbr
c:\users\sheng\documents\unuk\y2\g52cpp\g52cpp\cw\cw\cpp_cw2016\cpp_cw2016\debug\baseengine.sbr
c:\users\sheng\documents\unuk\y2\g52cpp\g52cpp\cw\cw\cpp_cw2016\cpp_cw2016\debug\displayableobject.sbr
c:\users\sheng\documents\unuk\y2\g52cpp\g52cpp\cw\cw\cpp_cw2016\cpp_cw2016\debug\fontmanager.sbr
c:\users\sheng\documents\unuk\y2\g52cpp\g52cpp\cw\cw\cpp_cw2016\cpp_cw2016\debug\jpgimage.sbr
c:\users\sheng\documents\unuk\y2\g52cpp\g52cpp\cw\cw\cpp_cw2016\cpp_cw2016\debug\psysl5tilemanager.sbr
c:\users\sheng\documents\unuk\y2\g52cpp\g52cpp\cw\cw\cpp_cw2016\cpp_cw2016\debug\seagull.sbr
c:\users\sheng\documents\unuk\y2\g52cpp\g52cpp\cw\cw\cpp_cw2016\cpp_cw2016\debug\shipexplosion.sbr
c:\users\sheng\documents\unuk\y2\g52cpp\g52cpp\cw\cw\cpp_cw2016\cpp_cw2016\debug\simpledemo.sbr
c:\users\sheng\documents\unuk\y2\g52cpp\g52cpp\cw\cw\cpp_cw2016\cpp_cw2016\debug\strategicsubmarine.sbr
c:\users\sheng\documents\unuk\y2\g52cpp\g52cpp\cw\cw\cpp_cw2016\cpp_cw2016\debug\subexplosion.sbr
c:\users\sheng\documents\unuk\y2\g52cpp\g52cpp\cw\cw\cpp_cw2016\cpp_cw2016\debug\sublaunchedobject.sbr
c:\users\sheng\documents\unuk\y2\g52cpp\g52cpp\cw\cw\cpp_cw2016\cpp_cw2016\debug\submarine.sbr
c:\users\sheng\documents\unuk\y2\g52cpp\g52cpp\cw\cw\cpp_cw2016\cpp_cw2016\debug\submarinecommander.sbr
c:\users\sheng\documents\unuk\y2\g52cpp\g52cpp\cw\cw\cpp_cw2016\cpp_cw2016\debug\subweapon.sbr
c:\users\sheng\documents\unuk\y2\g52cpp\g52cpp\cw\cw\cpp_cw2016\cpp_cw2016\debug\tilemanager.sbr
c:\users\sheng\documents\unuk\y2\g52cpp\g52cpp\cw\cw\cpp_cw2016\cpp_cw2016\debug\tilemanager.obj
c:\users\sheng\documents\unuk\y2\g52cpp\g52cpp\cw\cw\cpp_cw2016\cpp_cw2016\debug\subweapon.obj
c:\users\sheng\documents\unuk\y2\g52cpp\g52cpp\cw\cw\cpp_cw2016\cpp_cw2016\debug\submarinecommander.obj
c:\users\sheng\documents\unuk\y2\g52cpp\g52cpp\cw\cw\cpp_cw2016\cpp_cw2016\debug\submarine.obj
c:\users\sheng\documents\unuk\y2\g52cpp\g52cpp\cw\cw\cpp_cw2016\cpp_cw2016\debug\sublaunchedobject.obj
c:\users\sheng\documents\unuk\y2\g52cpp\g52cpp\cw\cw\cpp_cw2016\cpp_cw2016\debug\subexplosion.obj
c:\users\sheng\documents\unuk\y2\g52cpp\g52cpp\cw\cw\cpp_cw2016\cpp_cw2016\debug\strategicsubmarine.obj
c:\users\sheng\documents\unuk\y2\g52cpp\g52cpp\cw\cw\cpp_cw2016\cpp_cw2016\debug\simpledemo.obj
c:\users\sheng\documents\unuk\y2\g52cpp\g52cpp\cw\cw\cpp_cw2016\cpp_cw2016\debug\shipexplosion.obj
c:\users\sheng\documents\unuk\y2\g52cpp\g52cpp\cw\cw\cpp_cw2016\cpp_cw2016\debug\seagull.obj
c:\users\sheng\documents\unuk\y2\g52cpp\g52cpp\cw\cw\cpp_cw2016\cpp_cw2016\debug\psysl5tilemanager.obj
c:\users\sheng\documents\unuk\y2\g52cpp\g52cpp\cw\cw\cpp_cw2016\cpp_cw2016\debug\jpgimage.obj
c:\users\sheng\documents\unuk\y2\g52cpp\g52cpp\cw\cw\cpp_cw2016\cpp_cw2016\debug\fontmanager.obj
c:\users\sheng\documents\unuk\y2\g52cpp\g52cpp\cw\cw\cpp_cw2016\cpp_cw2016\debug\displayableobject.obj
c:\users\sheng\documents\unuk\y2\g52cpp\g52cpp\cw\cw\cpp_cw2016\cpp_cw2016\debug\baseengine.obj
c:\users\sheng\documents\unuk\y2\g52cpp\g52cpp\cw\cw\cpp_cw2016\cpp_cw2016\debug\mainfunction.obj
c:\users\sheng\documents\unuk\y2\g52cpp\g52cpp\cw\cw\cpp_cw2016\cpp_cw2016\debug\psysl5engine.obj
c:\users\sheng\documents\unuk\y2\g52cpp\g52cpp\cw\cw\cpp_cw2016\cpp_cw2016\debug\playstate.obj
c:\users\sheng\documents\unuk\y2\g52cpp\g52cpp\cw\cw\cpp_cw2016\cpp_cw2016\debug\pausestate.obj
c:\users\sheng\documents\unuk\y2\g52cpp\g52cpp\cw\cw\cpp_cw2016\cpp_cw2016\debug\missilesubmarine.obj
c:\users\sheng\documents\unuk\y2\g52cpp\g52cpp\cw\cw\cpp_cw2016\cpp_cw2016\debug\bouncingball.sbr
c:\users\sheng\documents\unuk\y2\g52cpp\g52cpp\cw\cw\cpp_cw2016\cpp_cw2016\debug\bouncingballmain.sbr
c:\users\sheng\documents\unuk\y2\g52cpp\g52cpp\cw\cw\cpp_cw2016\cpp_cw2016\debug\demo1main.sbr
c:\users\sheng\documents\unuk\y2\g52cpp\g52cpp\cw\cw\cpp_cw2016\cpp_cw2016\debug\demo2main.sbr
c:\users\sheng\documents\unuk\y2\g52cpp\g52cpp\cw\cw\cpp_cw2016\cpp_cw2016\debug\demo2object.sbr
c:\users\sheng\documents\unuk\y2\g52cpp\g52cpp\cw\cw\cpp_cw2016\cpp_cw2016\debug\demo2tilemanager.sbr
c:\users\sheng\documents\unuk\y2\g52cpp\g52cpp\cw\cw\cpp_cw2016\cpp_cw2016\debug\demo3main.sbr
c:\users\sheng\documents\unuk\y2\g52cpp\g52cpp\cw\cw\cpp_cw2016\cpp_cw2016\debug\demo3object.sbr
c:\users\sheng\documents\unuk\y2\g52cpp\g52cpp\cw\cw\cpp_cw2016\cpp_cw2016\debug\demo3objectfinished.sbr
c:\users\sheng\documents\unuk\y2\g52cpp\g52cpp\cw\cw\cpp_cw2016\cpp_cw2016\debug\demo3tilemanager.sbr
c:\users\sheng\documents\unuk\y2\g52cpp\g52cpp\cw\cw\cpp_cw2016\cpp_cw2016\debug\demo4main.sbr
c:\users\sheng\documents\unuk\y2\g52cpp\g52cpp\cw\cw\cpp_cw2016\cpp_cw2016\debug\demo4object.sbr
c:\users\sheng\documents\unuk\y2\g52cpp\g52cpp\cw\cw\cpp_cw2016\cpp_cw2016\debug\demo4tilemanager.sbr
c:\users\sheng\documents\unuk\y2\g52cpp\g52cpp\cw\cw\cpp_cw2016\cpp_cw2016\debug\underwatermine.sbr
c:\users\sheng\documents\unuk\y2\g52cpp\g52cpp\cw\cw\cpp_cw2016\cpp_cw2016\debug\underwatersupportitem.sbr
c:\users\sheng\documents\unuk\y2\g52cpp\g52cpp\cw\cw\cpp_cw2016\cpp_cw2016\debug\weaponexplosion.sbr
c:\users\sheng\documents\unuk\y2\g52cpp\g52cpp\cw\cw\cpp_cw2016\cpp_cw2016\debug\weaponexplosion.obj
c:\users\sheng\documents\unuk\y2\g52cpp\g52cpp\cw\cw\cpp_cw2016\cpp_cw2016\debug\underwatersupportitem.obj
c:\users\sheng\documents\unuk\y2\g52cpp\g52cpp\cw\cw\cpp_cw2016\cpp_cw2016\debug\underwatermine.obj
c:\users\sheng\documents\unuk\y2\g52cpp\g52cpp\cw\cw\cpp_cw2016\cpp_cw2016\debug\demo4tilemanager.obj
c:\users\sheng\documents\unuk\y2\g52cpp\g52cpp\cw\cw\cpp_cw2016\cpp_cw2016\debug\demo4object.obj
c:\users\sheng\documents\unuk\y2\g52cpp\g52cpp\cw\cw\cpp_cw2016\cpp_cw2016\debug\demo4main.obj
c:\users\sheng\documents\unuk\y2\g52cpp\g52cpp\cw\cw\cpp_cw2016\cpp_cw2016\debug\demo3tilemanager.obj
c:\users\sheng\documents\unuk\y2\g52cpp\g52cpp\cw\cw\cpp_cw2016\cpp_cw2016\debug\demo3objectfinished.obj
c:\users\sheng\documents\unuk\y2\g52cpp\g52cpp\cw\cw\cpp_cw2016\cpp_cw2016\debug\demo3object.obj
c:\users\sheng\documents\unuk\y2\g52cpp\g52cpp\cw\cw\cpp_cw2016\cpp_cw2016\debug\demo3main.obj
c:\users\sheng\documents\unuk\y2\g52cpp\g52cpp\cw\cw\cpp_cw2016\cpp_cw2016\debug\demo2tilemanager.obj
c:\users\sheng\documents\unuk\y2\g52cpp\g52cpp\cw\cw\cpp_cw2016\cpp_cw2016\debug\demo2object.obj
c:\users\sheng\documents\unuk\y2\g52cpp\g52cpp\cw\cw\cpp_cw2016\cpp_cw2016\debug\demo2main.obj
c:\users\sheng\documents\unuk\y2\g52cpp\g52cpp\cw\cw\cpp_cw2016\cpp_cw2016\debug\demo1main.obj
c:\users\sheng\documents\unuk\y2\g52cpp\g52cpp\cw\cw\cpp_cw2016\cpp_cw2016\debug\bouncingballmain.obj
c:\users\sheng\documents\unuk\y2\g52cpp\g52cpp\cw\cw\cpp_cw2016\cpp_cw2016\debug\bouncingball.obj
c:\dev\windepth\debug\vc140.pdb
c:\dev\windepth\debug\vc140.idb
c:\dev\windepth\debug\airsupportitem.sbr
c:\dev\windepth\debug\allyweapon.sbr
c:\dev\windepth\debug\battleship.sbr
c:\dev\windepth\debug\bomb.sbr
c:\dev\windepth\debug\bomber.sbr
c:\dev\windepth\debug\chain.sbr
c:\dev\windepth\debug\demoamain.sbr
c:\dev\windepth\debug\demobobject.sbr
c:\dev\windepth\debug\depthcharge.sbr
c:\dev\windepth\debug\explosion.sbr
c:\dev\windepth\debug\gameobject.sbr
c:\dev\windepth\debug\highscoresstate.sbr
c:\dev\windepth\debug\initstate.sbr
c:\dev\windepth\debug\item.sbr
c:\dev\windepth\debug\lifeitem.sbr
c:\dev\windepth\debug\losestate.sbr
c:\dev\windepth\debug\menustate.sbr
c:\dev\windepth\debug\mine.sbr
c:\dev\windepth\debug\minelayersubmarine.sbr
c:\dev\windepth\debug\missile.sbr
c:\dev\windepth\debug\missile.obj
c:\dev\windepth\debug\minelayersubmarine.obj
c:\dev\windepth\debug\mine.obj
c:\dev\windepth\debug\menustate.obj
c:\dev\windepth\debug\losestate.obj
c:\dev\windepth\debug\lifeitem.obj
c:\dev\windepth\debug\item.obj
c:\dev\windepth\debug\initstate.obj
c:\dev\windepth\debug\highscoresstate.obj
c:\dev\windepth\debug\gameobject.obj
c:\dev\windepth\debug\explosion.obj
c:\dev\windepth\debug\depthcharge.obj
c:\dev\windepth\debug\demobobject.obj
c:\dev\windepth\debug\demoamain.obj
c:\dev\windepth\debug\chain.obj
c:\dev\windepth\debug\bomber.obj
c:\dev\windepth\debug\bomb.obj
c:\dev\windepth\debug\battleship.obj
c:\dev\windepth\debug\allyweapon.obj
c:\dev\windepth\debug\airsupportitem.obj
c:\dev\windepth\debug\missilesubmarine.sbr
c:\dev\windepth\debug\pausestate.sbr
c:\dev\windepth\debug\playstate.sbr
c:\dev\windepth\debug\psysl5engine.sbr
c:\dev\windepth\debug\mainfunction.sbr
c:\dev\windepth\debug\baseengine.sbr
c:\dev\windepth\debug\displayableobject.sbr
c:\dev\windepth\debug\fontmanager.sbr
c:\dev\windepth\debug\jpgimage.sbr
c:\dev\windepth\debug\psysl5tilemanager.sbr
c:\dev\windepth\debug\seagull.sbr
c:\dev\windepth\debug\shipexplosion.sbr
c:\dev\windepth\debug\simpledemo.sbr
c:\dev\windepth\debug\strategicsubmarine.sbr
c:\dev\windepth\debug\subexplosion.sbr
c:\dev\windepth\debug\sublaunchedobject.sbr
c:\dev\windepth\debug\submarine.sbr
c:\dev\windepth\debug\submarinecommander.sbr
c:\dev\windepth\debug\subweapon.sbr
c:\dev\windepth\debug\tilemanager.sbr
c:\dev\windepth\debug\tilemanager.obj
c:\dev\windepth\debug\subweapon.obj
c:\dev\windepth\debug\submarinecommander.obj
c:\dev\windepth\debug\submarine.obj
c:\dev\windepth\debug\sublaunchedobject.obj
c:\dev\windepth\debug\subexplosion.obj
c:\dev\windepth\debug\strategicsubmarine.obj
c:\dev\windepth\debug\simpledemo.obj
c:\dev\windepth\debug\shipexplosion.obj
c:\dev\windepth\debug\seagull.obj
c:\dev\windepth\debug\psysl5tilemanager.obj
c:\dev\windepth\debug\jpgimage.obj
c:\dev\windepth\debug\fontmanager.obj
c:\dev\windepth\debug\displayableobject.obj
c:\dev\windepth\debug\baseengine.obj
c:\dev\windepth\debug\mainfunction.obj
c:\dev\windepth\debug\psysl5engine.obj
c:\dev\windepth\debug\playstate.obj
c:\dev\windepth\debug\pausestate.obj
c:\dev\windepth\debug\missilesubmarine.obj
c:\dev\windepth\debug\bouncingball.sbr
c:\dev\windepth\debug\bouncingballmain.sbr
c:\dev\windepth\debug\demo1main.sbr
c:\dev\windepth\debug\demo2main.sbr
c:\dev\windepth\debug\demo2object.sbr
c:\dev\windepth\debug\demo2tilemanager.sbr
c:\dev\windepth\debug\demo3main.sbr
c:\dev\windepth\debug\demo3object.sbr
c:\dev\windepth\debug\demo3objectfinished.sbr
c:\dev\windepth\debug\demo3tilemanager.sbr
c:\dev\windepth\debug\demo4main.sbr
c:\dev\windepth\debug\demo4object.sbr
c:\dev\windepth\debug\demo4tilemanager.sbr
c:\dev\windepth\debug\underwatermine.sbr
c:\dev\windepth\debug\underwatersupportitem.sbr
c:\dev\windepth\debug\weaponexplosion.sbr
c:\dev\windepth\debug\weaponexplosion.obj
c:\dev\windepth\debug\underwatersupportitem.obj
c:\dev\windepth\debug\underwatermine.obj
c:\dev\windepth\debug\demo4tilemanager.obj
c:\dev\windepth\debug\demo4object.obj
c:\dev\windepth\debug\demo4main.obj
c:\dev\windepth\debug\demo3tilemanager.obj
c:\dev\windepth\debug\demo3objectfinished.obj
c:\dev\windepth\debug\demo3object.obj
c:\dev\windepth\debug\demo3main.obj
c:\dev\windepth\debug\demo2tilemanager.obj
c:\dev\windepth\debug\demo2object.obj
c:\dev\windepth\debug\demo2main.obj
c:\dev\windepth\debug\demo1main.obj
c:\dev\windepth\debug\bouncingballmain.obj
c:\dev\windepth\debug\bouncingball.obj
c:\users\sheng\documents\unuk\y2\g52cpp\g52cpp\cw\cw\cpp_cw2016\cpp_cw2016\debug\courseworkbase.ilk
c:\users\sheng\documents\unuk\y2\g52cpp\g52cpp\cw\cw\cpp_cw2016\cpp_cw2016\debug\courseworkbase.exe
c:\users\sheng\documents\unuk\y2\g52cpp\g52cpp\cw\cw\cpp_cw2016\cpp_cw2016\debug\courseworkbase.pdb
c:\dev\windepth\debug\courseworkbase.ilk
c:\dev\windepth\debug\courseworkbase.exe
c:\dev\windepth\src\map
c:\dev\windepth\debug\courseworkbase.pdb
c:\dev\windepth\debug\vc120.idb
c:\dev\windepth\debug\vc141.idb
c:\dev\windepth\debug\vc120.pdb
c:\dev\windepth\debug\vc141.pdb
c:\dev\windepth\/debug\courseworkbase.pdb
c:\dev\windepth\/debug\courseworkbase.exe
c:\dev\windepth\/debug\courseworkbase.bsc
c:\dev\windepth\/debug\courseworkbase.ilk
c:\dev\windepth\debug\courseworkbase.tlog\bscmake.command.1.tlog
c:\dev\windepth\debug\courseworkbase.tlog\bscmake.read.1.tlog
c:\dev\windepth\debug\courseworkbase.tlog\bscmake.write.1.tlog
c:\dev\windepth\debug\courseworkbase.tlog\cl.command.1.tlog
c:\dev\windepth\debug\courseworkbase.tlog\cl.read.1.tlog
c:\dev\windepth\debug\courseworkbase.tlog\cl.write.1.tlog
c:\dev\windepth\debug\courseworkbase.tlog\link.command.1.tlog
c:\dev\windepth\debug\courseworkbase.tlog\link.read.1.tlog
c:\dev\windepth\debug\courseworkbase.tlog\link.write.1.tlog
