c:\dev\windepth\release\vc141.pdb
c:\dev\windepth\release\missile.obj
c:\dev\windepth\release\minelayersubmarine.obj
c:\dev\windepth\release\mine.obj
c:\dev\windepth\release\menustate.obj
c:\dev\windepth\release\losestate.obj
c:\dev\windepth\release\lifeitem.obj
c:\dev\windepth\release\item.obj
c:\dev\windepth\release\initstate.obj
c:\dev\windepth\release\highscoresstate.obj
c:\dev\windepth\release\gameobject.obj
c:\dev\windepth\release\explosion.obj
c:\dev\windepth\release\depthcharge.obj
c:\dev\windepth\release\demobobject.obj
c:\dev\windepth\release\demoamain.obj
c:\dev\windepth\release\chain.obj
c:\dev\windepth\release\bomber.obj
c:\dev\windepth\release\bomb.obj
c:\dev\windepth\release\battleship.obj
c:\dev\windepth\release\allyweapon.obj
c:\dev\windepth\release\airsupportitem.obj
c:\dev\windepth\release\tilemanager.obj
c:\dev\windepth\release\subweapon.obj
c:\dev\windepth\release\submarinecommander.obj
c:\dev\windepth\release\submarine.obj
c:\dev\windepth\release\sublaunchedobject.obj
c:\dev\windepth\release\subexplosion.obj
c:\dev\windepth\release\strategicsubmarine.obj
c:\dev\windepth\release\simpledemo.obj
c:\dev\windepth\release\shipexplosion.obj
c:\dev\windepth\release\seagull.obj
c:\dev\windepth\release\psysl5tilemanager.obj
c:\dev\windepth\release\jpgimage.obj
c:\dev\windepth\release\fontmanager.obj
c:\dev\windepth\release\displayableobject.obj
c:\dev\windepth\release\baseengine.obj
c:\dev\windepth\release\mainfunction.obj
c:\dev\windepth\release\psysl5engine.obj
c:\dev\windepth\release\playstate.obj
c:\dev\windepth\release\pausestate.obj
c:\dev\windepth\release\missilesubmarine.obj
c:\dev\windepth\release\weaponexplosion.obj
c:\dev\windepth\release\underwatersupportitem.obj
c:\dev\windepth\release\underwatermine.obj
c:\dev\windepth\release\demo4tilemanager.obj
c:\dev\windepth\release\demo4object.obj
c:\dev\windepth\release\demo4main.obj
c:\dev\windepth\release\demo3tilemanager.obj
c:\dev\windepth\release\demo3objectfinished.obj
c:\dev\windepth\release\demo3object.obj
c:\dev\windepth\release\demo3main.obj
c:\dev\windepth\release\demo2tilemanager.obj
c:\dev\windepth\release\demo2object.obj
c:\dev\windepth\release\demo2main.obj
c:\dev\windepth\release\demo1main.obj
c:\dev\windepth\release\bouncingballmain.obj
c:\dev\windepth\release\bouncingball.obj
c:\dev\windepth\release\courseworkbase.ilk
c:\dev\windepth\release\courseworkbase.exe
c:\dev\windepth\release\courseworkbase.pdb
c:\dev\windepth\/release\courseworkbase.pdb
c:\dev\windepth\/release\courseworkbase.exe
c:\dev\windepth\/release\courseworkbase.ilk
c:\dev\windepth\release\courseworkbase.tlog\cl.command.1.tlog
c:\dev\windepth\release\courseworkbase.tlog\cl.read.1.tlog
c:\dev\windepth\release\courseworkbase.tlog\cl.write.1.tlog
c:\dev\windepth\release\courseworkbase.tlog\link.command.1.tlog
c:\dev\windepth\release\courseworkbase.tlog\link.read.1.tlog
c:\dev\windepth\release\courseworkbase.tlog\link.write.1.tlog
